<?xml version="1.0" encoding="UTF-8"?>
<coverage generated="1745378685703" clover="3.2.0">
  <project timestamp="1745378685703" name="All files">
    <metrics statements="30" coveredstatements="26" conditionals="12" coveredconditionals="8" methods="3" coveredmethods="3" elements="45" coveredelements="37" complexity="0" loc="30" ncloc="30" packages="1" files="3" classes="3"/>
    <file name="faceCardValue.js" path="/Users/scotthenderson/Programming/Personal_Projects/balatroCalc/modules/faceCardValue.js">
      <metrics statements="20" coveredstatements="16" conditionals="10" coveredconditionals="6" methods="1" coveredmethods="1"/>
      <line num="1" count="5" type="cond" truecount="1" falsecount="0"/>
      <line num="2" count="5" type="stmt"/>
      <line num="3" count="5" type="cond" truecount="1" falsecount="0"/>
      <line num="4" count="1" type="stmt"/>
      <line num="5" count="0" type="cond" truecount="0" falsecount="1"/>
      <line num="6" count="5" type="cond" truecount="1" falsecount="0"/>
      <line num="7" count="1" type="stmt"/>
      <line num="8" count="0" type="cond" truecount="0" falsecount="1"/>
      <line num="9" count="5" type="cond" truecount="1" falsecount="0"/>
      <line num="10" count="1" type="stmt"/>
      <line num="11" count="0" type="cond" truecount="0" falsecount="1"/>
      <line num="12" count="5" type="cond" truecount="1" falsecount="0"/>
      <line num="13" count="1" type="stmt"/>
      <line num="14" count="0" type="cond" truecount="0" falsecount="1"/>
      <line num="15" count="5" type="cond" truecount="1" falsecount="0"/>
      <line num="16" count="1" type="stmt"/>
      <line num="17" count="5" type="stmt"/>
      <line num="18" count="5" type="stmt"/>
      <line num="19" count="1" type="stmt"/>
      <line num="20" count="1" type="stmt"/>
    </file>
    <file name="plasmaSum.js" path="/Users/scotthenderson/Programming/Personal_Projects/balatroCalc/modules/plasmaSum.js">
      <metrics statements="6" coveredstatements="6" conditionals="1" coveredconditionals="1" methods="1" coveredmethods="1"/>
      <line num="1" count="2" type="cond" truecount="1" falsecount="0"/>
      <line num="2" count="2" type="stmt"/>
      <line num="3" count="2" type="stmt"/>
      <line num="4" count="2" type="stmt"/>
      <line num="5" count="1" type="stmt"/>
      <line num="6" count="1" type="stmt"/>
    </file>
    <file name="sum.js" path="/Users/scotthenderson/Programming/Personal_Projects/balatroCalc/modules/sum.js">
      <metrics statements="4" coveredstatements="4" conditionals="1" coveredconditionals="1" methods="1" coveredmethods="1"/>
      <line num="1" count="1" type="cond" truecount="1" falsecount="0"/>
      <line num="2" count="1" type="stmt"/>
      <line num="3" count="1" type="stmt"/>
      <line num="4" count="1" type="stmt"/>
    </file>
  </project>
</coverage>
