{"/Users/scotthenderson/Programming/Personal_Projects/balatroCalc/modules/faceCardValue.js": {"path":"/Users/scotthenderson/Programming/Personal_Projects/balatroCalc/modules/faceCardValue.js","all":false,"statementMap":{"0":{"start":{"line":1,"column":0},"end":{"line":1,"column":37}},"1":{"start":{"line":2,"column":0},"end":{"line":2,"column":25}},"2":{"start":{"line":3,"column":0},"end":{"line":3,"column":17}},"3":{"start":{"line":4,"column":0},"end":{"line":4,"column":21}},"4":{"start":{"line":5,"column":0},"end":{"line":5,"column":18}},"5":{"start":{"line":6,"column":0},"end":{"line":6,"column":17}},"6":{"start":{"line":7,"column":0},"end":{"line":7,"column":21}},"7":{"start":{"line":8,"column":0},"end":{"line":8,"column":18}},"8":{"start":{"line":9,"column":0},"end":{"line":9,"column":17}},"9":{"start":{"line":10,"column":0},"end":{"line":10,"column":21}},"10":{"start":{"line":11,"column":0},"end":{"line":11,"column":18}},"11":{"start":{"line":12,"column":0},"end":{"line":12,"column":17}},"12":{"start":{"line":13,"column":0},"end":{"line":13,"column":21}},"13":{"start":{"line":14,"column":0},"end":{"line":14,"column":18}},"14":{"start":{"line":15,"column":0},"end":{"line":15,"column":16}},"15":{"start":{"line":16,"column":0},"end":{"line":16,"column":24}},"16":{"start":{"line":17,"column":0},"end":{"line":17,"column":5}},"17":{"start":{"line":18,"column":0},"end":{"line":18,"column":1}},"18":{"start":{"line":19,"column":0},"end":{"line":19,"column":0}},"19":{"start":{"line":20,"column":0},"end":{"line":20,"column":30}}},"s":{"0":5,"1":5,"2":5,"3":1,"4":0,"5":5,"6":1,"7":0,"8":5,"9":1,"10":0,"11":5,"12":1,"13":0,"14":5,"15":1,"16":5,"17":5,"18":1,"19":1},"branchMap":{"0":{"type":"branch","line":1,"loc":{"start":{"line":1,"column":0},"end":{"line":18,"column":1}},"locations":[{"start":{"line":1,"column":0},"end":{"line":18,"column":1}}]},"1":{"type":"branch","line":3,"loc":{"start":{"line":3,"column":8},"end":{"line":5,"column":18}},"locations":[{"start":{"line":3,"column":8},"end":{"line":5,"column":18}}]},"2":{"type":"branch","line":5,"loc":{"start":{"line":5,"column":-1},"end":{"line":5,"column":18}},"locations":[{"start":{"line":5,"column":-1},"end":{"line":5,"column":18}}]},"3":{"type":"branch","line":6,"loc":{"start":{"line":6,"column":8},"end":{"line":8,"column":18}},"locations":[{"start":{"line":6,"column":8},"end":{"line":8,"column":18}}]},"4":{"type":"branch","line":8,"loc":{"start":{"line":8,"column":-1},"end":{"line":8,"column":18}},"locations":[{"start":{"line":8,"column":-1},"end":{"line":8,"column":18}}]},"5":{"type":"branch","line":9,"loc":{"start":{"line":9,"column":8},"end":{"line":11,"column":18}},"locations":[{"start":{"line":9,"column":8},"end":{"line":11,"column":18}}]},"6":{"type":"branch","line":11,"loc":{"start":{"line":11,"column":-1},"end":{"line":11,"column":18}},"locations":[{"start":{"line":11,"column":-1},"end":{"line":11,"column":18}}]},"7":{"type":"branch","line":12,"loc":{"start":{"line":12,"column":8},"end":{"line":14,"column":18}},"locations":[{"start":{"line":12,"column":8},"end":{"line":14,"column":18}}]},"8":{"type":"branch","line":14,"loc":{"start":{"line":14,"column":-1},"end":{"line":14,"column":18}},"locations":[{"start":{"line":14,"column":-1},"end":{"line":14,"column":18}}]},"9":{"type":"branch","line":15,"loc":{"start":{"line":15,"column":8},"end":{"line":16,"column":24}},"locations":[{"start":{"line":15,"column":8},"end":{"line":16,"column":24}}]}},"b":{"0":[5],"1":[1],"2":[0],"3":[1],"4":[0],"5":[1],"6":[0],"7":[1],"8":[0],"9":[1]},"fnMap":{"0":{"name":"faceCardValue","decl":{"start":{"line":1,"column":0},"end":{"line":18,"column":1}},"loc":{"start":{"line":1,"column":0},"end":{"line":18,"column":1}},"line":1}},"f":{"0":5}}
,"/Users/scotthenderson/Programming/Personal_Projects/balatroCalc/modules/plasmaSum.js": {"path":"/Users/scotthenderson/Programming/Personal_Projects/balatroCalc/modules/plasmaSum.js","all":false,"statementMap":{"0":{"start":{"line":1,"column":0},"end":{"line":1,"column":29}},"1":{"start":{"line":2,"column":0},"end":{"line":2,"column":34}},"2":{"start":{"line":3,"column":0},"end":{"line":3,"column":16}},"3":{"start":{"line":4,"column":0},"end":{"line":4,"column":1}},"4":{"start":{"line":5,"column":0},"end":{"line":5,"column":0}},"5":{"start":{"line":6,"column":0},"end":{"line":6,"column":28}}},"s":{"0":2,"1":2,"2":2,"3":2,"4":1,"5":1},"branchMap":{"0":{"type":"branch","line":1,"loc":{"start":{"line":1,"column":0},"end":{"line":4,"column":1}},"locations":[{"start":{"line":1,"column":0},"end":{"line":4,"column":1}}]}},"b":{"0":[2]},"fnMap":{"0":{"name":"plasmaScore","decl":{"start":{"line":1,"column":0},"end":{"line":4,"column":1}},"loc":{"start":{"line":1,"column":0},"end":{"line":4,"column":1}},"line":1}},"f":{"0":2}}
,"/Users/scotthenderson/Programming/Personal_Projects/balatroCalc/modules/sum.js": {"path":"/Users/scotthenderson/Programming/Personal_Projects/balatroCalc/modules/sum.js","all":false,"statementMap":{"0":{"start":{"line":1,"column":0},"end":{"line":1,"column":20}},"1":{"start":{"line":2,"column":0},"end":{"line":2,"column":17}},"2":{"start":{"line":3,"column":0},"end":{"line":3,"column":3}},"3":{"start":{"line":4,"column":0},"end":{"line":4,"column":23}}},"s":{"0":1,"1":1,"2":1,"3":1},"branchMap":{"0":{"type":"branch","line":1,"loc":{"start":{"line":1,"column":0},"end":{"line":3,"column":3}},"locations":[{"start":{"line":1,"column":0},"end":{"line":3,"column":3}}]}},"b":{"0":[1]},"fnMap":{"0":{"name":"sum","decl":{"start":{"line":1,"column":0},"end":{"line":3,"column":3}},"loc":{"start":{"line":1,"column":0},"end":{"line":3,"column":3}},"line":1}},"f":{"0":1}}
}
