TN:
SF:modules/faceCardValue.js
FN:1,faceCardValue
FNF:1
FNH:1
FNDA:5,faceCardValue
DA:1,5
DA:2,5
DA:3,5
DA:4,1
DA:5,0
DA:6,5
DA:7,1
DA:8,0
DA:9,5
DA:10,1
DA:11,0
DA:12,5
DA:13,1
DA:14,0
DA:15,5
DA:16,1
DA:17,5
DA:18,5
DA:19,1
DA:20,1
LF:20
LH:16
BRDA:1,0,0,5
BRDA:3,1,0,1
BRDA:5,2,0,0
BRDA:6,3,0,1
BRDA:8,4,0,0
BRDA:9,5,0,1
BRDA:11,6,0,0
BRDA:12,7,0,1
BRDA:14,8,0,0
BRDA:15,9,0,1
BRF:10
BRH:6
end_of_record
TN:
SF:modules/plasmaSum.js
FN:1,plasmaScore
FNF:1
FNH:1
FNDA:2,plasmaScore
DA:1,2
DA:2,2
DA:3,2
DA:4,2
DA:5,1
DA:6,1
LF:6
LH:6
BRDA:1,0,0,2
BRF:1
BRH:1
end_of_record
TN:
SF:modules/sum.js
FN:1,sum
FNF:1
FNH:1
FNDA:1,sum
DA:1,1
DA:2,1
DA:3,1
DA:4,1
LF:4
LH:4
BRDA:1,0,0,1
BRF:1
BRH:1
end_of_record
